<?xml version="1.0" encoding="UTF-8"?>
<testsuite name="TestngTestClass" tests="1" skipped="0" failures="0" errors="0" timestamp="2021-03-10T19:18:52" hostname="DESKTOP-5NFVRNK" time="0.0">
  <properties/>
  <testcase name="testMethod" classname="TestngTestClass" time="0.0"/>
  <system-out><![CDATA[This is test BeforeClass,Open Chrome
This is before testMethod test,Test login
This is test method.
Test after method, sign out
]]></system-out>
  <system-err><![CDATA[]]></system-err>
</testsuite>
